<?xml version="1.0" encoding="UTF-8"?>
<!-- Generated by org.testng.reporters.JUnitXMLReporter -->
<testsuite ignored="1" hostname="DESKTOP-VRJUQI0" failures="0" tests="2" name="Default test" time="28.316" errors="0" timestamp="2021-08-23T11:59:05 BST">
  <testcase classname="com.crm.qa.testcases.DealsPageTest" name="createNewDealsTest" time="2.902"/>
  <testcase classname="com.crm.qa.testcases.DealsPageTest" name="createNewDealsTest" time="2.929"/>
  <testcase classname="com.crm.qa.testcases.DealsPageTest" name="validateDealsHeadingTest" time="0.0">
    <ignored/>
  </testcase> <!-- validateDealsHeadingTest -->
</testsuite> <!-- Default test -->
