<?xml version="1.0" encoding="UTF-8"?>
<!-- Generated by org.testng.reporters.JUnitXMLReporter -->
<testsuite ignored="0" hostname="DESKTOP-VRJUQI0" failures="0" tests="17" name="Free CRM App Test Cases" time="190.519" errors="0" timestamp="2021-08-23T17:59:43 BST">
  <testcase classname="com.crm.qa.testcases.LoginPageTest" name="loginPageTitleTest" time="0.068"/>
  <testcase classname="com.crm.qa.testcases.LoginPageTest" name="crmImageTest" time="0.166"/>
  <testcase classname="com.crm.qa.testcases.LoginPageTest" name="loginTest" time="4.464"/>
  <testcase classname="com.crm.qa.testcases.HomePageTest" name="validateHomePageTitleTest" time="0.007"/>
  <testcase classname="com.crm.qa.testcases.HomePageTest" name="validateUserNameLabelTest" time="0.119"/>
  <testcase classname="com.crm.qa.testcases.HomePageTest" name="validateContactsLinkTest" time="0.908"/>
  <testcase classname="com.crm.qa.testcases.ContactsPageTest" name="validateContactsHeadingTest" time="0.934"/>
  <testcase classname="com.crm.qa.testcases.ContactsPageTest" name="selectContactsByNameTest" time="1.114"/>
  <testcase classname="com.crm.qa.testcases.ContactsPageTest" name="validateNewContactTest" time="2.873"/>
  <testcase classname="com.crm.qa.testcases.ContactsPageTest" name="validateNewContactTest" time="2.862"/>
  <testcase classname="com.crm.qa.testcases.ContactsPageTest" name="validateNewContactTest" time="2.973"/>
  <testcase classname="com.crm.qa.testcases.ContactsPageTest" name="validateNewContactTest" time="2.872"/>
  <testcase classname="com.crm.qa.testcases.ContactsPageTest" name="validateNewContactTest" time="3.003"/>
  <testcase classname="com.crm.qa.testcases.ContactsPageTest" name="validateNewContactTest" time="3.039"/>
  <testcase classname="com.crm.qa.testcases.DealsPageTest" name="validateDealsHeadingTest" time="0.881"/>
  <testcase classname="com.crm.qa.testcases.DealsPageTest" name="createNewDealsTest" time="2.748"/>
  <testcase classname="com.crm.qa.testcases.DealsPageTest" name="createNewDealsTest" time="2.753"/>
</testsuite> <!-- Free CRM App Test Cases -->
