<?xml version="1.0" encoding="UTF-8"?>
<testng-results ignored="0" total="17" passed="17" failed="0" skipped="0">
  <reporter-output>
  </reporter-output>
  <suite started-at="2021-08-23T17:56:32 BST" name="FREE CRM Application Test Automation Suite" finished-at="2021-08-23T17:59:43 BST" duration-ms="190519">
    <groups>
    </groups>
    <test started-at="2021-08-23T17:56:32 BST" name="Free CRM App Test Cases" finished-at="2021-08-23T17:59:43 BST" duration-ms="190519">
      <class name="com.crm.qa.testcases.HomePageTest">
        <test-method is-config="true" signature="setup()[pri:0, instance:com.crm.qa.testcases.HomePageTest@54a7079e]" started-at="2021-08-23T17:56:53 BST" name="setup" finished-at="2021-08-23T17:57:03 BST" duration-ms="9858" status="PASS">
          <reporter-output>
          </reporter-output>
        </test-method> <!-- setup -->
        <test-method signature="validateHomePageTitleTest()[pri:1, instance:com.crm.qa.testcases.HomePageTest@54a7079e]" started-at="2021-08-23T17:57:03 BST" name="validateHomePageTitleTest" finished-at="2021-08-23T17:57:03 BST" duration-ms="7" status="PASS">
          <reporter-output>
          </reporter-output>
        </test-method> <!-- validateHomePageTitleTest -->
        <test-method is-config="true" signature="tearDown()[pri:0, instance:com.crm.qa.testcases.HomePageTest@54a7079e]" started-at="2021-08-23T17:57:03 BST" name="tearDown" finished-at="2021-08-23T17:57:04 BST" duration-ms="765" status="PASS">
          <reporter-output>
          </reporter-output>
        </test-method> <!-- tearDown -->
        <test-method is-config="true" signature="setup()[pri:0, instance:com.crm.qa.testcases.HomePageTest@54a7079e]" started-at="2021-08-23T17:57:04 BST" name="setup" finished-at="2021-08-23T17:57:13 BST" duration-ms="8772" status="PASS">
          <reporter-output>
          </reporter-output>
        </test-method> <!-- setup -->
        <test-method signature="validateUserNameLabelTest()[pri:2, instance:com.crm.qa.testcases.HomePageTest@54a7079e]" started-at="2021-08-23T17:57:13 BST" name="validateUserNameLabelTest" finished-at="2021-08-23T17:57:13 BST" duration-ms="119" status="PASS">
          <reporter-output>
          </reporter-output>
        </test-method> <!-- validateUserNameLabelTest -->
        <test-method is-config="true" signature="tearDown()[pri:0, instance:com.crm.qa.testcases.HomePageTest@54a7079e]" started-at="2021-08-23T17:57:13 BST" name="tearDown" finished-at="2021-08-23T17:57:14 BST" duration-ms="790" status="PASS">
          <reporter-output>
          </reporter-output>
        </test-method> <!-- tearDown -->
        <test-method is-config="true" signature="setup()[pri:0, instance:com.crm.qa.testcases.HomePageTest@54a7079e]" started-at="2021-08-23T17:57:14 BST" name="setup" finished-at="2021-08-23T17:57:22 BST" duration-ms="8716" status="PASS">
          <reporter-output>
          </reporter-output>
        </test-method> <!-- setup -->
        <test-method signature="validateContactsLinkTest()[pri:3, instance:com.crm.qa.testcases.HomePageTest@54a7079e]" started-at="2021-08-23T17:57:22 BST" name="validateContactsLinkTest" finished-at="2021-08-23T17:57:23 BST" duration-ms="908" status="PASS">
          <reporter-output>
          </reporter-output>
        </test-method> <!-- validateContactsLinkTest -->
        <test-method is-config="true" signature="tearDown()[pri:0, instance:com.crm.qa.testcases.HomePageTest@54a7079e]" started-at="2021-08-23T17:57:23 BST" name="tearDown" finished-at="2021-08-23T17:57:24 BST" duration-ms="816" status="PASS">
          <reporter-output>
          </reporter-output>
        </test-method> <!-- tearDown -->
      </class> <!-- com.crm.qa.testcases.HomePageTest -->
      <class name="com.crm.qa.testcases.ContactsPageTest">
        <test-method is-config="true" signature="setup()[pri:0, instance:com.crm.qa.testcases.ContactsPageTest@4b8ee4de]" started-at="2021-08-23T17:57:24 BST" name="setup" finished-at="2021-08-23T17:57:33 BST" duration-ms="8886" status="PASS">
          <reporter-output>
          </reporter-output>
        </test-method> <!-- setup -->
        <test-method signature="validateContactsHeadingTest()[pri:1, instance:com.crm.qa.testcases.ContactsPageTest@4b8ee4de]" started-at="2021-08-23T17:57:33 BST" name="validateContactsHeadingTest" finished-at="2021-08-23T17:57:34 BST" duration-ms="934" status="PASS">
          <reporter-output>
          </reporter-output>
        </test-method> <!-- validateContactsHeadingTest -->
        <test-method is-config="true" signature="tearDown()[pri:0, instance:com.crm.qa.testcases.ContactsPageTest@4b8ee4de]" started-at="2021-08-23T17:57:34 BST" name="tearDown" finished-at="2021-08-23T17:57:35 BST" duration-ms="742" status="PASS">
          <reporter-output>
          </reporter-output>
        </test-method> <!-- tearDown -->
        <test-method is-config="true" signature="setup()[pri:0, instance:com.crm.qa.testcases.ContactsPageTest@4b8ee4de]" started-at="2021-08-23T17:57:35 BST" name="setup" finished-at="2021-08-23T17:57:44 BST" duration-ms="9110" status="PASS">
          <reporter-output>
          </reporter-output>
        </test-method> <!-- setup -->
        <test-method signature="selectContactsByNameTest()[pri:2, instance:com.crm.qa.testcases.ContactsPageTest@4b8ee4de]" started-at="2021-08-23T17:57:44 BST" name="selectContactsByNameTest" finished-at="2021-08-23T17:57:45 BST" duration-ms="1114" status="PASS">
          <reporter-output>
          </reporter-output>
        </test-method> <!-- selectContactsByNameTest -->
        <test-method is-config="true" signature="tearDown()[pri:0, instance:com.crm.qa.testcases.ContactsPageTest@4b8ee4de]" started-at="2021-08-23T17:57:45 BST" name="tearDown" finished-at="2021-08-23T17:57:46 BST" duration-ms="1228" status="PASS">
          <reporter-output>
          </reporter-output>
        </test-method> <!-- tearDown -->
        <test-method is-config="true" signature="setup()[pri:0, instance:com.crm.qa.testcases.ContactsPageTest@4b8ee4de]" started-at="2021-08-23T17:57:47 BST" name="setup" finished-at="2021-08-23T17:57:56 BST" duration-ms="9432" status="PASS">
          <reporter-output>
          </reporter-output>
        </test-method> <!-- setup -->
        <test-method signature="validateNewContactTest(java.lang.String,java.lang.String,java.lang.String,java.lang.String)[pri:3, instance:com.crm.qa.testcases.ContactsPageTest@4b8ee4de]" started-at="2021-08-23T17:57:56 BST" name="validateNewContactTest" data-provider="getCRMTestData" finished-at="2021-08-23T17:57:59 BST" duration-ms="2873" status="PASS">
          <params>
            <param index="0">
              <value>
                <![CDATA[Mr.]]>
              </value>
            </param>
            <param index="1">
              <value>
                <![CDATA[Nag]]>
              </value>
            </param>
            <param index="2">
              <value>
                <![CDATA[Nat]]>
              </value>
            </param>
            <param index="3">
              <value>
                <![CDATA[google]]>
              </value>
            </param>
          </params>
          <reporter-output>
          </reporter-output>
        </test-method> <!-- validateNewContactTest -->
        <test-method is-config="true" signature="tearDown()[pri:0, instance:com.crm.qa.testcases.ContactsPageTest@4b8ee4de]" started-at="2021-08-23T17:57:59 BST" name="tearDown" finished-at="2021-08-23T17:58:00 BST" duration-ms="1245" status="PASS">
          <reporter-output>
          </reporter-output>
        </test-method> <!-- tearDown -->
        <test-method is-config="true" signature="setup()[pri:0, instance:com.crm.qa.testcases.ContactsPageTest@4b8ee4de]" started-at="2021-08-23T17:58:00 BST" name="setup" finished-at="2021-08-23T17:58:09 BST" duration-ms="9095" status="PASS">
          <reporter-output>
          </reporter-output>
        </test-method> <!-- setup -->
        <test-method signature="validateNewContactTest(java.lang.String,java.lang.String,java.lang.String,java.lang.String)[pri:3, instance:com.crm.qa.testcases.ContactsPageTest@4b8ee4de]" started-at="2021-08-23T17:58:09 BST" name="validateNewContactTest" data-provider="getCRMTestData" finished-at="2021-08-23T17:58:12 BST" duration-ms="2862" status="PASS">
          <params>
            <param index="0">
              <value>
                <![CDATA[Mrs.]]>
              </value>
            </param>
            <param index="1">
              <value>
                <![CDATA[Tej]]>
              </value>
            </param>
            <param index="2">
              <value>
                <![CDATA[Urs]]>
              </value>
            </param>
            <param index="3">
              <value>
                <![CDATA[facebook]]>
              </value>
            </param>
          </params>
          <reporter-output>
          </reporter-output>
        </test-method> <!-- validateNewContactTest -->
        <test-method is-config="true" signature="tearDown()[pri:0, instance:com.crm.qa.testcases.ContactsPageTest@4b8ee4de]" started-at="2021-08-23T17:58:12 BST" name="tearDown" finished-at="2021-08-23T17:58:14 BST" duration-ms="1230" status="PASS">
          <reporter-output>
          </reporter-output>
        </test-method> <!-- tearDown -->
        <test-method is-config="true" signature="setup()[pri:0, instance:com.crm.qa.testcases.ContactsPageTest@4b8ee4de]" started-at="2021-08-23T17:58:14 BST" name="setup" finished-at="2021-08-23T17:58:22 BST" duration-ms="8915" status="PASS">
          <reporter-output>
          </reporter-output>
        </test-method> <!-- setup -->
        <test-method signature="validateNewContactTest(java.lang.String,java.lang.String,java.lang.String,java.lang.String)[pri:3, instance:com.crm.qa.testcases.ContactsPageTest@4b8ee4de]" started-at="2021-08-23T17:58:22 BST" name="validateNewContactTest" data-provider="getCRMTestData" finished-at="2021-08-23T17:58:25 BST" duration-ms="2973" status="PASS">
          <params>
            <param index="0">
              <value>
                <![CDATA[Mr.]]>
              </value>
            </param>
            <param index="1">
              <value>
                <![CDATA[Durga]]>
              </value>
            </param>
            <param index="2">
              <value>
                <![CDATA[DP]]>
              </value>
            </param>
            <param index="3">
              <value>
                <![CDATA[Bank]]>
              </value>
            </param>
          </params>
          <reporter-output>
          </reporter-output>
        </test-method> <!-- validateNewContactTest -->
        <test-method is-config="true" signature="tearDown()[pri:0, instance:com.crm.qa.testcases.ContactsPageTest@4b8ee4de]" started-at="2021-08-23T17:58:25 BST" name="tearDown" finished-at="2021-08-23T17:58:27 BST" duration-ms="1231" status="PASS">
          <reporter-output>
          </reporter-output>
        </test-method> <!-- tearDown -->
        <test-method is-config="true" signature="setup()[pri:0, instance:com.crm.qa.testcases.ContactsPageTest@4b8ee4de]" started-at="2021-08-23T17:58:27 BST" name="setup" finished-at="2021-08-23T17:58:36 BST" duration-ms="8980" status="PASS">
          <reporter-output>
          </reporter-output>
        </test-method> <!-- setup -->
        <test-method signature="validateNewContactTest(java.lang.String,java.lang.String,java.lang.String,java.lang.String)[pri:3, instance:com.crm.qa.testcases.ContactsPageTest@4b8ee4de]" started-at="2021-08-23T17:58:36 BST" name="validateNewContactTest" data-provider="getCRMTestData" finished-at="2021-08-23T17:58:39 BST" duration-ms="2872" status="PASS">
          <params>
            <param index="0">
              <value>
                <![CDATA[Mrs.]]>
              </value>
            </param>
            <param index="1">
              <value>
                <![CDATA[Yash]]>
              </value>
            </param>
            <param index="2">
              <value>
                <![CDATA[Urs]]>
              </value>
            </param>
            <param index="3">
              <value>
                <![CDATA[Infosys]]>
              </value>
            </param>
          </params>
          <reporter-output>
          </reporter-output>
        </test-method> <!-- validateNewContactTest -->
        <test-method is-config="true" signature="tearDown()[pri:0, instance:com.crm.qa.testcases.ContactsPageTest@4b8ee4de]" started-at="2021-08-23T17:58:39 BST" name="tearDown" finished-at="2021-08-23T17:58:40 BST" duration-ms="1431" status="PASS">
          <reporter-output>
          </reporter-output>
        </test-method> <!-- tearDown -->
        <test-method is-config="true" signature="setup()[pri:0, instance:com.crm.qa.testcases.ContactsPageTest@4b8ee4de]" started-at="2021-08-23T17:58:40 BST" name="setup" finished-at="2021-08-23T17:58:49 BST" duration-ms="8859" status="PASS">
          <reporter-output>
          </reporter-output>
        </test-method> <!-- setup -->
        <test-method signature="validateNewContactTest(java.lang.String,java.lang.String,java.lang.String,java.lang.String)[pri:3, instance:com.crm.qa.testcases.ContactsPageTest@4b8ee4de]" started-at="2021-08-23T17:58:49 BST" name="validateNewContactTest" data-provider="getCRMTestData" finished-at="2021-08-23T17:58:52 BST" duration-ms="3003" status="PASS">
          <params>
            <param index="0">
              <value>
                <![CDATA[Mr.]]>
              </value>
            </param>
            <param index="1">
              <value>
                <![CDATA[Kumar]]>
              </value>
            </param>
            <param index="2">
              <value>
                <![CDATA[Sag]]>
              </value>
            </param>
            <param index="3">
              <value>
                <![CDATA[Java]]>
              </value>
            </param>
          </params>
          <reporter-output>
          </reporter-output>
        </test-method> <!-- validateNewContactTest -->
        <test-method is-config="true" signature="tearDown()[pri:0, instance:com.crm.qa.testcases.ContactsPageTest@4b8ee4de]" started-at="2021-08-23T17:58:52 BST" name="tearDown" finished-at="2021-08-23T17:58:53 BST" duration-ms="1239" status="PASS">
          <reporter-output>
          </reporter-output>
        </test-method> <!-- tearDown -->
        <test-method is-config="true" signature="setup()[pri:0, instance:com.crm.qa.testcases.ContactsPageTest@4b8ee4de]" started-at="2021-08-23T17:58:53 BST" name="setup" finished-at="2021-08-23T17:59:02 BST" duration-ms="9040" status="PASS">
          <reporter-output>
          </reporter-output>
        </test-method> <!-- setup -->
        <test-method signature="validateNewContactTest(java.lang.String,java.lang.String,java.lang.String,java.lang.String)[pri:3, instance:com.crm.qa.testcases.ContactsPageTest@4b8ee4de]" started-at="2021-08-23T17:59:02 BST" name="validateNewContactTest" data-provider="getCRMTestData" finished-at="2021-08-23T17:59:05 BST" duration-ms="3039" status="PASS">
          <params>
            <param index="0">
              <value>
                <![CDATA[Mrs.]]>
              </value>
            </param>
            <param index="1">
              <value>
                <![CDATA[Indra]]>
              </value>
            </param>
            <param index="2">
              <value>
                <![CDATA[Nanj]]>
              </value>
            </param>
            <param index="3">
              <value>
                <![CDATA[fashion World]]>
              </value>
            </param>
          </params>
          <reporter-output>
          </reporter-output>
        </test-method> <!-- validateNewContactTest -->
        <test-method is-config="true" signature="tearDown()[pri:0, instance:com.crm.qa.testcases.ContactsPageTest@4b8ee4de]" started-at="2021-08-23T17:59:05 BST" name="tearDown" finished-at="2021-08-23T17:59:06 BST" duration-ms="1267" status="PASS">
          <reporter-output>
          </reporter-output>
        </test-method> <!-- tearDown -->
      </class> <!-- com.crm.qa.testcases.ContactsPageTest -->
      <class name="com.crm.qa.testcases.LoginPageTest">
        <test-method is-config="true" signature="setup()[pri:0, instance:com.crm.qa.testcases.LoginPageTest@618425b5]" started-at="2021-08-23T17:56:32 BST" name="setup" finished-at="2021-08-23T17:56:38 BST" duration-ms="5189" status="PASS">
          <reporter-output>
          </reporter-output>
        </test-method> <!-- setup -->
        <test-method signature="loginPageTitleTest()[pri:1, instance:com.crm.qa.testcases.LoginPageTest@618425b5]" started-at="2021-08-23T17:56:38 BST" name="loginPageTitleTest" finished-at="2021-08-23T17:56:38 BST" duration-ms="68" status="PASS">
          <reporter-output>
          </reporter-output>
        </test-method> <!-- loginPageTitleTest -->
        <test-method is-config="true" signature="tearDown()[pri:0, instance:com.crm.qa.testcases.LoginPageTest@618425b5]" started-at="2021-08-23T17:56:38 BST" name="tearDown" finished-at="2021-08-23T17:56:38 BST" duration-ms="814" status="PASS">
          <reporter-output>
          </reporter-output>
        </test-method> <!-- tearDown -->
        <test-method is-config="true" signature="setup()[pri:0, instance:com.crm.qa.testcases.LoginPageTest@618425b5]" started-at="2021-08-23T17:56:38 BST" name="setup" finished-at="2021-08-23T17:56:43 BST" duration-ms="4381" status="PASS">
          <reporter-output>
          </reporter-output>
        </test-method> <!-- setup -->
        <test-method signature="crmImageTest()[pri:2, instance:com.crm.qa.testcases.LoginPageTest@618425b5]" started-at="2021-08-23T17:56:43 BST" name="crmImageTest" finished-at="2021-08-23T17:56:43 BST" duration-ms="166" status="PASS">
          <reporter-output>
          </reporter-output>
        </test-method> <!-- crmImageTest -->
        <test-method is-config="true" signature="tearDown()[pri:0, instance:com.crm.qa.testcases.LoginPageTest@618425b5]" started-at="2021-08-23T17:56:43 BST" name="tearDown" finished-at="2021-08-23T17:56:44 BST" duration-ms="765" status="PASS">
          <reporter-output>
          </reporter-output>
        </test-method> <!-- tearDown -->
        <test-method is-config="true" signature="setup()[pri:0, instance:com.crm.qa.testcases.LoginPageTest@618425b5]" started-at="2021-08-23T17:56:44 BST" name="setup" finished-at="2021-08-23T17:56:48 BST" duration-ms="4367" status="PASS">
          <reporter-output>
          </reporter-output>
        </test-method> <!-- setup -->
        <test-method signature="loginTest()[pri:3, instance:com.crm.qa.testcases.LoginPageTest@618425b5]" started-at="2021-08-23T17:56:48 BST" name="loginTest" finished-at="2021-08-23T17:56:53 BST" duration-ms="4464" status="PASS">
          <reporter-output>
          </reporter-output>
        </test-method> <!-- loginTest -->
        <test-method is-config="true" signature="tearDown()[pri:0, instance:com.crm.qa.testcases.LoginPageTest@618425b5]" started-at="2021-08-23T17:56:53 BST" name="tearDown" finished-at="2021-08-23T17:56:53 BST" duration-ms="762" status="PASS">
          <reporter-output>
          </reporter-output>
        </test-method> <!-- tearDown -->
      </class> <!-- com.crm.qa.testcases.LoginPageTest -->
      <class name="com.crm.qa.testcases.DealsPageTest">
        <test-method is-config="true" signature="setup()[pri:0, instance:com.crm.qa.testcases.DealsPageTest@27f981c6]" started-at="2021-08-23T17:59:06 BST" name="setup" finished-at="2021-08-23T17:59:15 BST" duration-ms="8811" status="PASS">
          <reporter-output>
          </reporter-output>
        </test-method> <!-- setup -->
        <test-method signature="validateDealsHeadingTest()[pri:1, instance:com.crm.qa.testcases.DealsPageTest@27f981c6]" started-at="2021-08-23T17:59:15 BST" name="validateDealsHeadingTest" finished-at="2021-08-23T17:59:16 BST" duration-ms="881" status="PASS">
          <reporter-output>
          </reporter-output>
        </test-method> <!-- validateDealsHeadingTest -->
        <test-method is-config="true" signature="tearDown()[pri:0, instance:com.crm.qa.testcases.DealsPageTest@27f981c6]" started-at="2021-08-23T17:59:16 BST" name="tearDown" finished-at="2021-08-23T17:59:17 BST" duration-ms="777" status="PASS">
          <reporter-output>
          </reporter-output>
        </test-method> <!-- tearDown -->
        <test-method is-config="true" signature="setup()[pri:0, instance:com.crm.qa.testcases.DealsPageTest@27f981c6]" started-at="2021-08-23T17:59:17 BST" name="setup" finished-at="2021-08-23T17:59:26 BST" duration-ms="8851" status="PASS">
          <reporter-output>
          </reporter-output>
        </test-method> <!-- setup -->
        <test-method signature="createNewDealsTest(java.lang.String,java.lang.String,java.lang.String,java.lang.String)[pri:2, instance:com.crm.qa.testcases.DealsPageTest@27f981c6]" started-at="2021-08-23T17:59:26 BST" name="createNewDealsTest" data-provider="dealsTestData" finished-at="2021-08-23T17:59:29 BST" duration-ms="2748" status="PASS">
          <params>
            <param index="0">
              <value>
                <![CDATA[New]]>
              </value>
            </param>
            <param index="1">
              <value>
                <![CDATA[Amazon]]>
              </value>
            </param>
            <param index="2">
              <value>
                <![CDATA[1000.0]]>
              </value>
            </param>
            <param index="3">
              <value>
                <![CDATA[Amazon]]>
              </value>
            </param>
          </params>
          <reporter-output>
          </reporter-output>
        </test-method> <!-- createNewDealsTest -->
        <test-method is-config="true" signature="tearDown()[pri:0, instance:com.crm.qa.testcases.DealsPageTest@27f981c6]" started-at="2021-08-23T17:59:29 BST" name="tearDown" finished-at="2021-08-23T17:59:30 BST" duration-ms="1316" status="PASS">
          <reporter-output>
          </reporter-output>
        </test-method> <!-- tearDown -->
        <test-method is-config="true" signature="setup()[pri:0, instance:com.crm.qa.testcases.DealsPageTest@27f981c6]" started-at="2021-08-23T17:59:30 BST" name="setup" finished-at="2021-08-23T17:59:39 BST" duration-ms="9026" status="PASS">
          <reporter-output>
          </reporter-output>
        </test-method> <!-- setup -->
        <test-method signature="createNewDealsTest(java.lang.String,java.lang.String,java.lang.String,java.lang.String)[pri:2, instance:com.crm.qa.testcases.DealsPageTest@27f981c6]" started-at="2021-08-23T17:59:39 BST" name="createNewDealsTest" data-provider="dealsTestData" finished-at="2021-08-23T17:59:42 BST" duration-ms="2753" status="PASS">
          <params>
            <param index="0">
              <value>
                <![CDATA[Old]]>
              </value>
            </param>
            <param index="1">
              <value>
                <![CDATA[Flipcart]]>
              </value>
            </param>
            <param index="2">
              <value>
                <![CDATA[20.0]]>
              </value>
            </param>
            <param index="3">
              <value>
                <![CDATA[Walmart]]>
              </value>
            </param>
          </params>
          <reporter-output>
          </reporter-output>
        </test-method> <!-- createNewDealsTest -->
        <test-method is-config="true" signature="tearDown()[pri:0, instance:com.crm.qa.testcases.DealsPageTest@27f981c6]" started-at="2021-08-23T17:59:42 BST" name="tearDown" finished-at="2021-08-23T17:59:43 BST" duration-ms="1247" status="PASS">
          <reporter-output>
          </reporter-output>
        </test-method> <!-- tearDown -->
      </class> <!-- com.crm.qa.testcases.DealsPageTest -->
    </test> <!-- Free CRM App Test Cases -->
  </suite> <!-- FREE CRM Application Test Automation Suite -->
</testng-results>
